f:\github\lanewarningsystem\build\lane_warning_system.dir\debug\vc143.pdb
f:\github\lanewarningsystem\build\lane_warning_system.dir\debug\offset.obj
f:\github\lanewarningsystem\build\lane_warning_system.dir\debug\lane_detect.obj
f:\github\lanewarningsystem\build\lane_warning_system.dir\debug\fusion.obj
f:\github\lanewarningsystem\build\lane_warning_system.dir\debug\edge_detect.obj
f:\github\lanewarningsystem\build\lane_warning_system.dir\debug\camera.obj
f:\github\lanewarningsystem\build\lane_warning_system.dir\debug\main.obj
f:\github\lanewarningsystem\build\cmakefiles\generate.stamp
f:\github\lanewarningsystem\build\lane_warning_system.dir\debug\lane_warning_system.ilk
f:\github\lanewarningsystem\build\debug\lane_warning_system.exe
f:\github\lanewarningsystem\build\debug\lane_warning_system.pdb
f:\github\lanewarningsystem\build\lane_warning_system.dir\debug\lane_war.cb927b2f.tlog\cl.command.1.tlog
f:\github\lanewarningsystem\build\lane_warning_system.dir\debug\lane_war.cb927b2f.tlog\cl.read.1.tlog
f:\github\lanewarningsystem\build\lane_warning_system.dir\debug\lane_war.cb927b2f.tlog\cl.write.1.tlog
f:\github\lanewarningsystem\build\lane_warning_system.dir\debug\lane_war.cb927b2f.tlog\custombuild.command.1.tlog
f:\github\lanewarningsystem\build\lane_warning_system.dir\debug\lane_war.cb927b2f.tlog\custombuild.read.1.tlog
f:\github\lanewarningsystem\build\lane_warning_system.dir\debug\lane_war.cb927b2f.tlog\custombuild.write.1.tlog
f:\github\lanewarningsystem\build\lane_warning_system.dir\debug\lane_war.cb927b2f.tlog\link.command.1.tlog
f:\github\lanewarningsystem\build\lane_warning_system.dir\debug\lane_war.cb927b2f.tlog\link.read.1.tlog
f:\github\lanewarningsystem\build\lane_warning_system.dir\debug\lane_war.cb927b2f.tlog\link.write.1.tlog
